     1 00000000                                 [FORMAT "WCOFF"]
     2 00000000                                 [INSTRSET "i486p"]
     3 00000000                                 [OPTIMIZE 1]
     4 00000000                                 [OPTION 1]
     5 00000000                                 [BITS 32]
     6 00000000                                 	EXTERN	_io_hlt
     7 00000000                                 	EXTERN	_io_load_eflags
     8 00000000                                 	EXTERN	_io_cli
     9 00000000                                 	EXTERN	_io_out8
    10 00000000                                 	EXTERN	_io_store_eflags
    11 00000000                                 [FILE "bootpack.c"]
    12                                          [SECTION .text]
    13 00000000                                 	GLOBAL	_HariMain
    14 00000000                                 _HariMain:
    15 00000000 55                              	PUSH	EBP
    16 00000001 89 E5                           	MOV	EBP,ESP
    17 00000003 E8 00000249                     	CALL	_init_palette
    18 00000008 68 000000C7                     	PUSH	199
    19 0000000D 68 0000013F                     	PUSH	319
    20 00000012 6A 00                           	PUSH	0
    21 00000014 6A 00                           	PUSH	0
    22 00000016 6A 0E                           	PUSH	14
    23 00000018 68 00000140                     	PUSH	320
    24 0000001D 68 000A0000                     	PUSH	655360
    25 00000022 E8 000002C5                     	CALL	_boxfill8
    26 00000027 68 000000AC                     	PUSH	172
    27 0000002C 68 0000013F                     	PUSH	319
    28 00000031 68 000000AC                     	PUSH	172
    29 00000036 6A 00                           	PUSH	0
    30 00000038 6A 08                           	PUSH	8
    31 0000003A 68 00000140                     	PUSH	320
    32 0000003F 68 000A0000                     	PUSH	655360
    33 00000044 E8 000002A3                     	CALL	_boxfill8
    34 00000049 83 C4 38                        	ADD	ESP,56
    35 0000004C 68 000000AD                     	PUSH	173
    36 00000051 68 0000013F                     	PUSH	319
    37 00000056 68 000000AD                     	PUSH	173
    38 0000005B 6A 00                           	PUSH	0
    39 0000005D 6A 07                           	PUSH	7
    40 0000005F 68 00000140                     	PUSH	320
    41 00000064 68 000A0000                     	PUSH	655360
    42 00000069 E8 0000027E                     	CALL	_boxfill8
    43 0000006E 68 000000C7                     	PUSH	199
    44 00000073 68 0000013F                     	PUSH	319
    45 00000078 68 000000AE                     	PUSH	174
    46 0000007D 6A 00                           	PUSH	0
    47 0000007F 6A 08                           	PUSH	8
    48 00000081 68 00000140                     	PUSH	320
    49 00000086 68 000A0000                     	PUSH	655360
    50 0000008B E8 0000025C                     	CALL	_boxfill8
    51 00000090 83 C4 38                        	ADD	ESP,56
    52 00000093 68 000000B0                     	PUSH	176
    53 00000098 6A 3B                           	PUSH	59
    54 0000009A 68 000000B0                     	PUSH	176
    55 0000009F 6A 03                           	PUSH	3
    56 000000A1 6A 07                           	PUSH	7
    57 000000A3 68 00000140                     	PUSH	320
    58 000000A8 68 000A0000                     	PUSH	655360
    59 000000AD E8 0000023A                     	CALL	_boxfill8
    60 000000B2 68 000000C4                     	PUSH	196
    61 000000B7 6A 02                           	PUSH	2
    62 000000B9 68 000000B0                     	PUSH	176
    63 000000BE 6A 02                           	PUSH	2
    64 000000C0 6A 07                           	PUSH	7
    65 000000C2 68 00000140                     	PUSH	320
    66 000000C7 68 000A0000                     	PUSH	655360
    67 000000CC E8 0000021B                     	CALL	_boxfill8
    68 000000D1 83 C4 38                        	ADD	ESP,56
    69 000000D4 68 000000C4                     	PUSH	196
    70 000000D9 6A 3B                           	PUSH	59
    71 000000DB 68 000000C4                     	PUSH	196
    72 000000E0 6A 03                           	PUSH	3
    73 000000E2 6A 0F                           	PUSH	15
    74 000000E4 68 00000140                     	PUSH	320
    75 000000E9 68 000A0000                     	PUSH	655360
    76 000000EE E8 000001F9                     	CALL	_boxfill8
    77 000000F3 68 000000C3                     	PUSH	195
    78 000000F8 6A 3B                           	PUSH	59
    79 000000FA 68 000000B1                     	PUSH	177
    80 000000FF 6A 3B                           	PUSH	59
    81 00000101 6A 0F                           	PUSH	15
    82 00000103 68 00000140                     	PUSH	320
    83 00000108 68 000A0000                     	PUSH	655360
    84 0000010D E8 000001DA                     	CALL	_boxfill8
    85 00000112 83 C4 38                        	ADD	ESP,56
    86 00000115 68 000000C5                     	PUSH	197
    87 0000011A 6A 3B                           	PUSH	59
    88 0000011C 68 000000C5                     	PUSH	197
    89 00000121 6A 02                           	PUSH	2
    90 00000123 6A 00                           	PUSH	0
    91 00000125 68 00000140                     	PUSH	320
    92 0000012A 68 000A0000                     	PUSH	655360
    93 0000012F E8 000001B8                     	CALL	_boxfill8
    94 00000134 68 000000C5                     	PUSH	197
    95 00000139 6A 3C                           	PUSH	60
    96 0000013B 68 000000B0                     	PUSH	176
    97 00000140 6A 3C                           	PUSH	60
    98 00000142 6A 00                           	PUSH	0
    99 00000144 68 00000140                     	PUSH	320
   100 00000149 68 000A0000                     	PUSH	655360
   101 0000014E E8 00000199                     	CALL	_boxfill8
   102 00000153 83 C4 38                        	ADD	ESP,56
   103 00000156 68 000000B0                     	PUSH	176
   104 0000015B 68 0000013C                     	PUSH	316
   105 00000160 68 000000B0                     	PUSH	176
   106 00000165 68 00000111                     	PUSH	273
   107 0000016A 6A 0F                           	PUSH	15
   108 0000016C 68 00000140                     	PUSH	320
   109 00000171 68 000A0000                     	PUSH	655360
   110 00000176 E8 00000171                     	CALL	_boxfill8
   111 0000017B 68 000000C4                     	PUSH	196
   112 00000180 68 00000111                     	PUSH	273
   113 00000185 68 000000B1                     	PUSH	177
   114 0000018A 68 00000111                     	PUSH	273
   115 0000018F 6A 0F                           	PUSH	15
   116 00000191 68 00000140                     	PUSH	320
   117 00000196 68 000A0000                     	PUSH	655360
   118 0000019B E8 0000014C                     	CALL	_boxfill8
   119 000001A0 83 C4 38                        	ADD	ESP,56
   120 000001A3 68 000000C5                     	PUSH	197
   121 000001A8 68 0000013C                     	PUSH	316
   122 000001AD 68 000000C5                     	PUSH	197
   123 000001B2 68 00000111                     	PUSH	273
   124 000001B7 6A 07                           	PUSH	7
   125 000001B9 68 00000140                     	PUSH	320
   126 000001BE 68 000A0000                     	PUSH	655360
   127 000001C3 E8 00000124                     	CALL	_boxfill8
   128 000001C8 68 000000C5                     	PUSH	197
   129 000001CD 68 0000013D                     	PUSH	317
   130 000001D2 68 000000B0                     	PUSH	176
   131 000001D7 68 0000013D                     	PUSH	317
   132 000001DC 6A 07                           	PUSH	7
   133 000001DE 68 00000140                     	PUSH	320
   134 000001E3 68 000A0000                     	PUSH	655360
   135 000001E8 E8 000000FF                     	CALL	_boxfill8
   136 000001ED 83 C4 38                        	ADD	ESP,56
   137 000001F0                                 L2:
   138 000001F0 E8 [00000000]                   	CALL	_io_hlt
   139 000001F5 EB F9                           	JMP	L2
   140 000001F7                                 	GLOBAL	_colorBox
   141 000001F7                                 _colorBox:
   142 000001F7 55                              	PUSH	EBP
   143 000001F8 89 E5                           	MOV	EBP,ESP
   144 000001FA 53                              	PUSH	EBX
   145 000001FB 6A 78                           	PUSH	120
   146 000001FD 6A 78                           	PUSH	120
   147 000001FF 8B 5D 08                        	MOV	EBX,DWORD [8+EBP]
   148 00000202 6A 14                           	PUSH	20
   149 00000204 6A 14                           	PUSH	20
   150 00000206 6A 01                           	PUSH	1
   151 00000208 68 00000140                     	PUSH	320
   152 0000020D 53                              	PUSH	EBX
   153 0000020E E8 000000D9                     	CALL	_boxfill8
   154 00000213 68 00000096                     	PUSH	150
   155 00000218 68 000000AA                     	PUSH	170
   156 0000021D 6A 32                           	PUSH	50
   157 0000021F 6A 46                           	PUSH	70
   158 00000221 6A 02                           	PUSH	2
   159 00000223 68 00000140                     	PUSH	320
   160 00000228 53                              	PUSH	EBX
   161 00000229 E8 000000BE                     	CALL	_boxfill8
   162 0000022E 83 C4 38                        	ADD	ESP,56
   163 00000231 68 000000B4                     	PUSH	180
   164 00000236 68 000000DC                     	PUSH	220
   165 0000023B 6A 50                           	PUSH	80
   166 0000023D 6A 78                           	PUSH	120
   167 0000023F 6A 04                           	PUSH	4
   168 00000241 68 00000140                     	PUSH	320
   169 00000246 53                              	PUSH	EBX
   170 00000247 E8 000000A0                     	CALL	_boxfill8
   171 0000024C 8B 5D FC                        	MOV	EBX,DWORD [-4+EBP]
   172 0000024F C9                              	LEAVE
   173 00000250 C3                              	RET
   174                                          [SECTION .data]
   175 00000000                                 _table_rgb.0:
   176 00000000 00                              	DB	0
   177 00000001 00                              	DB	0
   178 00000002 00                              	DB	0
   179 00000003 FF                              	DB	-1
   180 00000004 00                              	DB	0
   181 00000005 00                              	DB	0
   182 00000006 00                              	DB	0
   183 00000007 FF                              	DB	-1
   184 00000008 00                              	DB	0
   185 00000009 FF                              	DB	-1
   186 0000000A FF                              	DB	-1
   187 0000000B 00                              	DB	0
   188 0000000C 00                              	DB	0
   189 0000000D 00                              	DB	0
   190 0000000E FF                              	DB	-1
   191 0000000F FF                              	DB	-1
   192 00000010 00                              	DB	0
   193 00000011 FF                              	DB	-1
   194 00000012 00                              	DB	0
   195 00000013 FF                              	DB	-1
   196 00000014 FF                              	DB	-1
   197 00000015 FF                              	DB	-1
   198 00000016 FF                              	DB	-1
   199 00000017 FF                              	DB	-1
   200 00000018 C6                              	DB	-58
   201 00000019 C6                              	DB	-58
   202 0000001A C6                              	DB	-58
   203 0000001B 84                              	DB	-124
   204 0000001C 00                              	DB	0
   205 0000001D 00                              	DB	0
   206 0000001E 00                              	DB	0
   207 0000001F 84                              	DB	-124
   208 00000020 00                              	DB	0
   209 00000021 84                              	DB	-124
   210 00000022 84                              	DB	-124
   211 00000023 00                              	DB	0
   212 00000024 00                              	DB	0
   213 00000025 00                              	DB	0
   214 00000026 84                              	DB	-124
   215 00000027 84                              	DB	-124
   216 00000028 00                              	DB	0
   217 00000029 84                              	DB	-124
   218 0000002A 00                              	DB	0
   219 0000002B 84                              	DB	-124
   220 0000002C 84                              	DB	-124
   221 0000002D 84                              	DB	-124
   222 0000002E 84                              	DB	-124
   223 0000002F 84                              	DB	-124
   224                                          [SECTION .text]
   225 00000251                                 	GLOBAL	_init_palette
   226 00000251                                 _init_palette:
   227 00000251 55                              	PUSH	EBP
   228 00000252 89 E5                           	MOV	EBP,ESP
   229 00000254 68 [00000000]                   	PUSH	_table_rgb.0
   230 00000259 6A 0F                           	PUSH	15
   231 0000025B 6A 00                           	PUSH	0
   232 0000025D E8 00000002                     	CALL	_set_palette
   233 00000262 C9                              	LEAVE
   234 00000263 C3                              	RET
   235 00000264                                 	GLOBAL	_set_palette
   236 00000264                                 _set_palette:
   237 00000264 55                              	PUSH	EBP
   238 00000265 89 E5                           	MOV	EBP,ESP
   239 00000267 57                              	PUSH	EDI
   240 00000268 56                              	PUSH	ESI
   241 00000269 53                              	PUSH	EBX
   242 0000026A 51                              	PUSH	ECX
   243 0000026B 8B 5D 08                        	MOV	EBX,DWORD [8+EBP]
   244 0000026E 8B 7D 0C                        	MOV	EDI,DWORD [12+EBP]
   245 00000271 8B 75 10                        	MOV	ESI,DWORD [16+EBP]
   246 00000274 E8 [00000000]                   	CALL	_io_load_eflags
   247 00000279 89 45 F0                        	MOV	DWORD [-16+EBP],EAX
   248 0000027C E8 [00000000]                   	CALL	_io_cli
   249 00000281 53                              	PUSH	EBX
   250 00000282 68 000003C8                     	PUSH	968
   251 00000287 E8 [00000000]                   	CALL	_io_out8
   252 0000028C 39 FB                           	CMP	EBX,EDI
   253 0000028E 58                              	POP	EAX
   254 0000028F 5A                              	POP	EDX
   255 00000290 7E 12                           	JLE	L12
   256 00000292                                 L14:
   257 00000292 8B 45 F0                        	MOV	EAX,DWORD [-16+EBP]
   258 00000295 89 45 08                        	MOV	DWORD [8+EBP],EAX
   259 00000298 8D 65 F4                        	LEA	ESP,DWORD [-12+EBP]
   260 0000029B 5B                              	POP	EBX
   261 0000029C 5E                              	POP	ESI
   262 0000029D 5F                              	POP	EDI
   263 0000029E 5D                              	POP	EBP
   264 0000029F E9 [00000000]                   	JMP	_io_store_eflags
   265 000002A4                                 L12:
   266 000002A4 8A 06                           	MOV	AL,BYTE [ESI]
   267 000002A6 43                              	INC	EBX
   268 000002A7 C0 E8 02                        	SHR	AL,2
   269 000002AA 0F B6 C0                        	MOVZX	EAX,AL
   270 000002AD 50                              	PUSH	EAX
   271 000002AE 68 000003C9                     	PUSH	969
   272 000002B3 E8 [00000000]                   	CALL	_io_out8
   273 000002B8 8A 46 01                        	MOV	AL,BYTE [1+ESI]
   274 000002BB C0 E8 02                        	SHR	AL,2
   275 000002BE 0F B6 C0                        	MOVZX	EAX,AL
   276 000002C1 50                              	PUSH	EAX
   277 000002C2 68 000003C9                     	PUSH	969
   278 000002C7 E8 [00000000]                   	CALL	_io_out8
   279 000002CC 8A 46 02                        	MOV	AL,BYTE [2+ESI]
   280 000002CF C0 E8 02                        	SHR	AL,2
   281 000002D2 83 C6 03                        	ADD	ESI,3
   282 000002D5 0F B6 C0                        	MOVZX	EAX,AL
   283 000002D8 50                              	PUSH	EAX
   284 000002D9 68 000003C9                     	PUSH	969
   285 000002DE E8 [00000000]                   	CALL	_io_out8
   286 000002E3 83 C4 18                        	ADD	ESP,24
   287 000002E6 39 FB                           	CMP	EBX,EDI
   288 000002E8 7E BA                           	JLE	L12
   289 000002EA EB A6                           	JMP	L14
   290 000002EC                                 	GLOBAL	_boxfill8
   291 000002EC                                 _boxfill8:
   292 000002EC 55                              	PUSH	EBP
   293 000002ED 89 E5                           	MOV	EBP,ESP
   294 000002EF 57                              	PUSH	EDI
   295 000002F0 56                              	PUSH	ESI
   296 000002F1 53                              	PUSH	EBX
   297 000002F2 57                              	PUSH	EDI
   298 000002F3 57                              	PUSH	EDI
   299 000002F4 8A 45 10                        	MOV	AL,BYTE [16+EBP]
   300 000002F7 8B 4D 18                        	MOV	ECX,DWORD [24+EBP]
   301 000002FA 8B 7D 1C                        	MOV	EDI,DWORD [28+EBP]
   302 000002FD 88 45 F3                        	MOV	BYTE [-13+EBP],AL
   303 00000300 3B 4D 20                        	CMP	ECX,DWORD [32+EBP]
   304 00000303 7F 31                           	JG	L27
   305 00000305 8B 5D 0C                        	MOV	EBX,DWORD [12+EBP]
   306 00000308 0F AF D9                        	IMUL	EBX,ECX
   307 0000030B                                 L25:
   308 0000030B 8B 55 14                        	MOV	EDX,DWORD [20+EBP]
   309 0000030E 39 FA                           	CMP	EDX,EDI
   310 00000310 7F 1B                           	JG	L29
   311 00000312 8B 75 08                        	MOV	ESI,DWORD [8+EBP]
   312 00000315 01 DE                           	ADD	ESI,EBX
   313 00000317 01 D6                           	ADD	ESI,EDX
   314 00000319 89 75 EC                        	MOV	DWORD [-20+EBP],ESI
   315 0000031C                                 L24:
   316 0000031C 8B 75 EC                        	MOV	ESI,DWORD [-20+EBP]
   317 0000031F 8A 45 F3                        	MOV	AL,BYTE [-13+EBP]
   318 00000322 42                              	INC	EDX
   319 00000323 88 06                           	MOV	BYTE [ESI],AL
   320 00000325 46                              	INC	ESI
   321 00000326 89 75 EC                        	MOV	DWORD [-20+EBP],ESI
   322 00000329 39 FA                           	CMP	EDX,EDI
   323 0000032B 7E EF                           	JLE	L24
   324 0000032D                                 L29:
   325 0000032D 41                              	INC	ECX
   326 0000032E 03 5D 0C                        	ADD	EBX,DWORD [12+EBP]
   327 00000331 3B 4D 20                        	CMP	ECX,DWORD [32+EBP]
   328 00000334 7E D5                           	JLE	L25
   329 00000336                                 L27:
   330 00000336 5B                              	POP	EBX
   331 00000337 5E                              	POP	ESI
   332 00000338 5B                              	POP	EBX
   333 00000339 5E                              	POP	ESI
   334 0000033A 5F                              	POP	EDI
   335 0000033B 5D                              	POP	EBP
   336 0000033C C3                              	RET
